5 5 6
74474 94110 351
51080 83229 351
10708 8027 260
55362 85281 351
45590 18573 324
34811 61462 340
74678 59860 335
26908 85551 351
79853 97026 333
85696 18241 351
62351 79905 351
11627 6674 268
73969 74995 325
8234 49711 324
11675 98229 351
27273 75932 340
89868 541 351
29963 16327 308
69316 43714 340
21833 94454 351
88723 79034 333
77994 45342 351
68155 21150 340
10299 3701 262
84356 2826 351
71500 69375 325
34940 2433 311
35271 97157 351
488 29294 308
13581 80805 351
31692 98373 351
48399 87490 351
78227 5415 351
63014 26747 340
7740 38916 324
67887 22330 340
77793 2139 351
78119 23811 351
98789 3645 351
72702 5452 340
36057 4752 324
77339 58411 351
65995 57711 335
30316 44234 324
17323 45839 324
3656 75416 340
88827 42108 351
86596 65914 351
91251 70306 351
22830 95519 351
49006 9223 324
66249 99281 351
73109 38229 340
72613 54566 335
6662 23990 282
14298 52822 340
24961 77112 351
24801 53064 340
43950 25520 324
46415 51909 314
82094 76634 351
55631 33102 340
76508 31134 340
74331 31464 340
77984 84367 338
86103 96341 333
3088 47886 324
52618 37439 340
13347 10763 276
65401 54254 335
70260 32171 340
71362 34425 340
72527 55301 335
23410 63097 340
49627 90214 351
38915 80664 351
73060 31028 340
29238 97065 351
21763 59824 340
5385 85905 351
60781 47988 340
5205 73826 340
81269 34364 351
31750 91337 351
57663 95650 351
1912 94269 351
24706 39201 324
82602 28056 351
51704 79579 351
58786 9731 340
58981 83670 351
8637 80937 351
40354 52705 340
81585 73325 351
4069 34964 311
54337 82008 351
7503 92021 351
77627 6826 351
97265 10647 351
